[debug] [2022-08-25T21:50:11.841Z] ----------------------------------------------------------------------
[debug] [2022-08-25T21:50:11.844Z] Command:       C:\Program Files\nodejs\node.exe C:\Users\jaize\AppData\Roaming\npm\node_modules\firebase-tools\lib\bin\firebase.js init
[debug] [2022-08-25T21:50:11.845Z] CLI Version:   11.8.0
[debug] [2022-08-25T21:50:11.845Z] Platform:      win32
[debug] [2022-08-25T21:50:11.845Z] Node Version:  v16.17.0
[debug] [2022-08-25T21:50:11.846Z] Time:          Thu Aug 25 2022 17:50:11 GMT-0400 (Eastern Daylight Time)
[debug] [2022-08-25T21:50:11.847Z] ----------------------------------------------------------------------
[debug] 
[debug] [2022-08-25T21:50:11.977Z] > command requires scopes: ["email","openid","https://www.googleapis.com/auth/cloudplatformprojects.readonly","https://www.googleapis.com/auth/firebase","https://www.googleapis.com/auth/cloud-platform"]
[debug] [2022-08-25T21:50:11.978Z] > authorizing via signed-in user (naizerje@miamioh.edu)
[info] 
     ######## #### ########  ######## ########     ###     ######  ########
     ##        ##  ##     ## ##       ##     ##  ##   ##  ##       ##
     ######    ##  ########  ######   ########  #########  ######  ######
     ##        ##  ##    ##  ##       ##     ## ##     ##       ## ##
     ##       #### ##     ## ######## ########  ##     ##  ######  ########

You're about to initialize a Firebase project in this directory:

  C:\Users\jaize\Golf Project\GolfLeagueWebsite

Before we get started, keep in mind:

  * You are initializing within an existing Firebase project directory

